!SESSION 2013-08-29 13:34:27.786 -----------------------------------------------
eclipse.buildId=M20130204-1200
java.version=1.7.0_25
java.vendor=Oracle Corporation
BootLoader constants: OS=win32, ARCH=x86, WS=win32, NL=en_US
Command-line arguments:  -os win32 -ws win32 -arch x86

!ENTRY org.eclipse.jdt.ui 4 10001 2013-08-29 17:07:33.148
!MESSAGE Internal Error
!STACK 1
Java Model Exception: Java Model Status [C:\Program Files (x86)\Java\jre7\lib\rt.jar is not on its project's build path]
	at org.eclipse.jdt.internal.core.PackageFragmentRoot.getRawClasspathEntry(PackageFragmentRoot.java:557)
	at org.eclipse.jdt.internal.core.JavaElement.getJavadocBaseLocation(JavaElement.java:667)
	at org.eclipse.jdt.internal.core.BinaryType.getJavadocContents(BinaryType.java:1009)
	at org.eclipse.jdt.internal.core.BinaryMethod.getAttachedJavadoc(BinaryMethod.java:639)
	at org.eclipse.jdt.internal.ui.text.javadoc.JavadocContentAccess2.getHTMLContent(JavadocContentAccess2.java:463)
	at org.eclipse.jdt.internal.ui.text.java.ProposalInfo.extractJavadoc(ProposalInfo.java:95)
	at org.eclipse.jdt.internal.ui.text.java.ProposalInfo.computeInfo(ProposalInfo.java:75)
	at org.eclipse.jdt.internal.ui.text.java.ProposalInfo.getInfo(ProposalInfo.java:58)
	at org.eclipse.jdt.internal.ui.text.java.AbstractJavaCompletionProposal.getAdditionalProposalInfo(AbstractJavaCompletionProposal.java:555)
	at org.eclipse.jface.text.contentassist.AdditionalInfoController$3.run(AdditionalInfoController.java:106)
	at org.eclipse.core.internal.jobs.Worker.run(Worker.java:53)
!SUBENTRY 1 org.eclipse.jdt.core 4 1006 2013-08-29 17:07:33.149
!MESSAGE C:\Program Files (x86)\Java\jre7\lib\rt.jar is not on its project's build path

!ENTRY org.eclipse.jdt.ui 4 10001 2013-08-29 17:07:34.684
!MESSAGE Internal Error
!STACK 1
Java Model Exception: Java Model Status [C:\Program Files (x86)\Java\jre7\lib\rt.jar is not on its project's build path]
	at org.eclipse.jdt.internal.core.PackageFragmentRoot.getRawClasspathEntry(PackageFragmentRoot.java:557)
	at org.eclipse.jdt.internal.core.JavaElement.getJavadocBaseLocation(JavaElement.java:667)
	at org.eclipse.jdt.internal.core.BinaryType.getJavadocContents(BinaryType.java:1009)
	at org.eclipse.jdt.internal.core.BinaryMethod.getAttachedJavadoc(BinaryMethod.java:639)
	at org.eclipse.jdt.internal.ui.text.javadoc.JavadocContentAccess2.getHTMLContent(JavadocContentAccess2.java:463)
	at org.eclipse.jdt.internal.ui.text.java.ProposalInfo.extractJavadoc(ProposalInfo.java:95)
	at org.eclipse.jdt.internal.ui.text.java.ProposalInfo.computeInfo(ProposalInfo.java:75)
	at org.eclipse.jdt.internal.ui.text.java.ProposalInfo.getInfo(ProposalInfo.java:58)
	at org.eclipse.jdt.internal.ui.text.java.AbstractJavaCompletionProposal.getAdditionalProposalInfo(AbstractJavaCompletionProposal.java:555)
	at org.eclipse.jface.text.contentassist.AdditionalInfoController$3.run(AdditionalInfoController.java:106)
	at org.eclipse.core.internal.jobs.Worker.run(Worker.java:53)
!SUBENTRY 1 org.eclipse.jdt.core 4 1006 2013-08-29 17:07:34.684
!MESSAGE C:\Program Files (x86)\Java\jre7\lib\rt.jar is not on its project's build path

!ENTRY org.eclipse.jdt.ui 4 10001 2013-08-29 17:27:37.556
!MESSAGE Internal Error
!STACK 1
Java Model Exception: Java Model Status [C:\Program Files (x86)\Java\jre7\lib\rt.jar is not on its project's build path]
	at org.eclipse.jdt.internal.core.PackageFragmentRoot.getRawClasspathEntry(PackageFragmentRoot.java:557)
	at org.eclipse.jdt.internal.core.JavaElement.getJavadocBaseLocation(JavaElement.java:667)
	at org.eclipse.jdt.internal.core.BinaryType.getJavadocContents(BinaryType.java:1009)
	at org.eclipse.jdt.internal.core.BinaryMethod.getAttachedJavadoc(BinaryMethod.java:639)
	at org.eclipse.jdt.internal.ui.text.javadoc.JavadocContentAccess2.getHTMLContent(JavadocContentAccess2.java:463)
	at org.eclipse.jdt.internal.ui.text.java.ProposalInfo.extractJavadoc(ProposalInfo.java:95)
	at org.eclipse.jdt.internal.ui.text.java.ProposalInfo.computeInfo(ProposalInfo.java:75)
	at org.eclipse.jdt.internal.ui.text.java.ProposalInfo.getInfo(ProposalInfo.java:58)
	at org.eclipse.jdt.internal.ui.text.java.AbstractJavaCompletionProposal.getAdditionalProposalInfo(AbstractJavaCompletionProposal.java:555)
	at org.eclipse.jface.text.contentassist.AdditionalInfoController$3.run(AdditionalInfoController.java:106)
	at org.eclipse.core.internal.jobs.Worker.run(Worker.java:53)
!SUBENTRY 1 org.eclipse.jdt.core 4 1006 2013-08-29 17:27:37.556
!MESSAGE C:\Program Files (x86)\Java\jre7\lib\rt.jar is not on its project's build path

!ENTRY org.eclipse.jdt.ui 4 10001 2013-08-29 17:27:39.051
!MESSAGE Internal Error
!STACK 1
Java Model Exception: Java Model Status [C:\Program Files (x86)\Java\jre7\lib\rt.jar is not on its project's build path]
	at org.eclipse.jdt.internal.core.PackageFragmentRoot.getRawClasspathEntry(PackageFragmentRoot.java:557)
	at org.eclipse.jdt.internal.core.JavaElement.getJavadocBaseLocation(JavaElement.java:667)
	at org.eclipse.jdt.internal.core.BinaryType.getJavadocContents(BinaryType.java:1009)
	at org.eclipse.jdt.internal.core.BinaryMethod.getAttachedJavadoc(BinaryMethod.java:639)
	at org.eclipse.jdt.internal.ui.text.javadoc.JavadocContentAccess2.getHTMLContent(JavadocContentAccess2.java:463)
	at org.eclipse.jdt.internal.ui.text.java.ProposalInfo.extractJavadoc(ProposalInfo.java:95)
	at org.eclipse.jdt.internal.ui.text.java.ProposalInfo.computeInfo(ProposalInfo.java:75)
	at org.eclipse.jdt.internal.ui.text.java.ProposalInfo.getInfo(ProposalInfo.java:58)
	at org.eclipse.jdt.internal.ui.text.java.AbstractJavaCompletionProposal.getAdditionalProposalInfo(AbstractJavaCompletionProposal.java:555)
	at org.eclipse.jface.text.contentassist.AdditionalInfoController$3.run(AdditionalInfoController.java:106)
	at org.eclipse.core.internal.jobs.Worker.run(Worker.java:53)
!SUBENTRY 1 org.eclipse.jdt.core 4 1006 2013-08-29 17:27:39.051
!MESSAGE C:\Program Files (x86)\Java\jre7\lib\rt.jar is not on its project's build path

!ENTRY org.eclipse.jdt.ui 4 10001 2013-08-29 17:27:39.231
!MESSAGE Internal Error
!STACK 1
Java Model Exception: Java Model Status [C:\Program Files (x86)\Java\jre7\lib\rt.jar is not on its project's build path]
	at org.eclipse.jdt.internal.core.PackageFragmentRoot.getRawClasspathEntry(PackageFragmentRoot.java:557)
	at org.eclipse.jdt.internal.core.JavaElement.getJavadocBaseLocation(JavaElement.java:667)
	at org.eclipse.jdt.internal.core.BinaryType.getJavadocContents(BinaryType.java:1009)
	at org.eclipse.jdt.internal.core.BinaryMethod.getAttachedJavadoc(BinaryMethod.java:639)
	at org.eclipse.jdt.internal.ui.text.javadoc.JavadocContentAccess2.getHTMLContent(JavadocContentAccess2.java:463)
	at org.eclipse.jdt.internal.ui.text.java.ProposalInfo.extractJavadoc(ProposalInfo.java:95)
	at org.eclipse.jdt.internal.ui.text.java.ProposalInfo.computeInfo(ProposalInfo.java:75)
	at org.eclipse.jdt.internal.ui.text.java.ProposalInfo.getInfo(ProposalInfo.java:58)
	at org.eclipse.jdt.internal.ui.text.java.AbstractJavaCompletionProposal.getAdditionalProposalInfo(AbstractJavaCompletionProposal.java:555)
	at org.eclipse.jface.text.contentassist.AdditionalInfoController$3.run(AdditionalInfoController.java:106)
	at org.eclipse.core.internal.jobs.Worker.run(Worker.java:53)
!SUBENTRY 1 org.eclipse.jdt.core 4 1006 2013-08-29 17:27:39.232
!MESSAGE C:\Program Files (x86)\Java\jre7\lib\rt.jar is not on its project's build path

!ENTRY org.eclipse.jdt.ui 4 10001 2013-08-29 17:27:39.401
!MESSAGE Internal Error
!STACK 1
Java Model Exception: Java Model Status [C:\Program Files (x86)\Java\jre7\lib\rt.jar is not on its project's build path]
	at org.eclipse.jdt.internal.core.PackageFragmentRoot.getRawClasspathEntry(PackageFragmentRoot.java:557)
	at org.eclipse.jdt.internal.core.JavaElement.getJavadocBaseLocation(JavaElement.java:667)
	at org.eclipse.jdt.internal.core.BinaryType.getJavadocContents(BinaryType.java:1009)
	at org.eclipse.jdt.internal.core.BinaryMethod.getAttachedJavadoc(BinaryMethod.java:639)
	at org.eclipse.jdt.internal.ui.text.javadoc.JavadocContentAccess2.getHTMLContent(JavadocContentAccess2.java:463)
	at org.eclipse.jdt.internal.ui.text.java.ProposalInfo.extractJavadoc(ProposalInfo.java:95)
	at org.eclipse.jdt.internal.ui.text.java.ProposalInfo.computeInfo(ProposalInfo.java:75)
	at org.eclipse.jdt.internal.ui.text.java.ProposalInfo.getInfo(ProposalInfo.java:58)
	at org.eclipse.jdt.internal.ui.text.java.AbstractJavaCompletionProposal.getAdditionalProposalInfo(AbstractJavaCompletionProposal.java:555)
	at org.eclipse.jface.text.contentassist.AdditionalInfoController$3.run(AdditionalInfoController.java:106)
	at org.eclipse.core.internal.jobs.Worker.run(Worker.java:53)
!SUBENTRY 1 org.eclipse.jdt.core 4 1006 2013-08-29 17:27:39.401
!MESSAGE C:\Program Files (x86)\Java\jre7\lib\rt.jar is not on its project's build path

!ENTRY org.eclipse.jdt.ui 4 10001 2013-08-29 17:27:39.586
!MESSAGE Internal Error
!STACK 1
Java Model Exception: Java Model Status [C:\Program Files (x86)\Java\jre7\lib\rt.jar is not on its project's build path]
	at org.eclipse.jdt.internal.core.PackageFragmentRoot.getRawClasspathEntry(PackageFragmentRoot.java:557)
	at org.eclipse.jdt.internal.core.JavaElement.getJavadocBaseLocation(JavaElement.java:667)
	at org.eclipse.jdt.internal.core.BinaryType.getJavadocContents(BinaryType.java:1009)
	at org.eclipse.jdt.internal.core.BinaryMethod.getAttachedJavadoc(BinaryMethod.java:639)
	at org.eclipse.jdt.internal.ui.text.javadoc.JavadocContentAccess2.getHTMLContent(JavadocContentAccess2.java:463)
	at org.eclipse.jdt.internal.ui.text.java.ProposalInfo.extractJavadoc(ProposalInfo.java:95)
	at org.eclipse.jdt.internal.ui.text.java.ProposalInfo.computeInfo(ProposalInfo.java:75)
	at org.eclipse.jdt.internal.ui.text.java.ProposalInfo.getInfo(ProposalInfo.java:58)
	at org.eclipse.jdt.internal.ui.text.java.AbstractJavaCompletionProposal.getAdditionalProposalInfo(AbstractJavaCompletionProposal.java:555)
	at org.eclipse.jface.text.contentassist.AdditionalInfoController$3.run(AdditionalInfoController.java:106)
	at org.eclipse.core.internal.jobs.Worker.run(Worker.java:53)
!SUBENTRY 1 org.eclipse.jdt.core 4 1006 2013-08-29 17:27:39.586
!MESSAGE C:\Program Files (x86)\Java\jre7\lib\rt.jar is not on its project's build path
!SESSION 2013-08-30 12:40:00.869 -----------------------------------------------
eclipse.buildId=M20130204-1200
java.version=1.7.0_25
java.vendor=Oracle Corporation
BootLoader constants: OS=win32, ARCH=x86, WS=win32, NL=en_US
Command-line arguments:  -os win32 -ws win32 -arch x86 -data C:\Users\d\Dropbox\NITH\Avansert Javaprogrammering(PG3100)\workspaceAug

!ENTRY org.eclipse.ui 2 2 2013-08-30 14:48:09.356
!MESSAGE Invalid property category path: ValidationPropertiesPage (bundle: org.eclipse.wst.xml.ui, propertyPage: org.eclipse.wst.xml.ui.propertyPage.project.validation)
!SESSION 2013-08-30 14:50:51.256 -----------------------------------------------
eclipse.buildId=M20130204-1200
java.version=1.7.0_25
java.vendor=Oracle Corporation
BootLoader constants: OS=win32, ARCH=x86, WS=win32, NL=en_US
Command-line arguments:  -os win32 -ws win32 -arch x86

!ENTRY org.eclipse.ui 4 4 2013-08-30 15:09:38.644
!MESSAGE Referenced part does not exist yet: org.eclipse.ui.views.ProblemView.

!ENTRY org.eclipse.ui 2 2 2013-08-30 15:16:49.096
!MESSAGE Invalid property category path: ValidationPropertiesPage (bundle: org.eclipse.wst.xml.ui, propertyPage: org.eclipse.wst.xml.ui.propertyPage.project.validation)
!SESSION 2013-08-30 17:39:09.525 -----------------------------------------------
eclipse.buildId=M20130204-1200
java.version=1.7.0_25
java.vendor=Oracle Corporation
BootLoader constants: OS=win32, ARCH=x86, WS=win32, NL=en_US
Command-line arguments:  -os win32 -ws win32 -arch x86

!ENTRY org.eclipse.ui 2 2 2013-08-30 18:36:11.538
!MESSAGE Invalid property category path: ValidationPropertiesPage (bundle: org.eclipse.wst.xml.ui, propertyPage: org.eclipse.wst.xml.ui.propertyPage.project.validation)
!SESSION 2013-09-01 10:41:34.823 -----------------------------------------------
eclipse.buildId=M20120914-1800
java.version=1.7.0_21
java.vendor=Oracle Corporation
BootLoader constants: OS=win32, ARCH=x86_64, WS=win32, NL=en_US
Framework arguments:  -product org.eclipse.epp.package.dsl.product
Command-line arguments:  -os win32 -ws win32 -arch x86_64 -product org.eclipse.epp.package.dsl.product

!ENTRY org.eclipse.core.resources 2 10035 2013-09-01 10:42:34.567
!MESSAGE The workspace exited with unsaved changes in the previous session; refreshing workspace to recover changes.

!ENTRY org.eclipse.ui 4 4 2013-09-01 10:42:46.285
!MESSAGE Unable to find Action Set: adt.actionSet.wizards

!ENTRY org.eclipse.ui 4 4 2013-09-01 10:42:46.289
!MESSAGE Unable to find Action Set: adt.actionSet.avdManager

!ENTRY org.eclipse.ui 4 4 2013-09-01 10:42:46.289
!MESSAGE Unable to find Action Set: adt.actionSet.lint

!ENTRY org.eclipse.ui 4 4 2013-09-01 10:42:46.290
!MESSAGE Unable to find Action Set: adt.actionSet.refactorings

!ENTRY org.eclipse.jface 4 2 2013-09-01 10:48:07.187
!MESSAGE Problems occurred when invoking code from plug-in: "org.eclipse.jface".
!STACK 0
org.eclipse.core.runtime.AssertionFailedException: assertion failed: 
	at org.eclipse.core.runtime.Assert.isTrue(Assert.java:110)
	at org.eclipse.core.runtime.Assert.isTrue(Assert.java:96)
	at org.eclipse.ui.texteditor.EditorStatusLine$StatusLineClearer.selectionChanged(EditorStatusLine.java:41)
	at org.eclipse.jface.viewers.Viewer$2.run(Viewer.java:164)
	at org.eclipse.core.runtime.SafeRunner.run(SafeRunner.java:42)
	at org.eclipse.ui.internal.JFaceUtil$1.run(JFaceUtil.java:49)
	at org.eclipse.jface.util.SafeRunnable.run(SafeRunnable.java:175)
	at org.eclipse.jface.viewers.Viewer.fireSelectionChanged(Viewer.java:162)
	at org.eclipse.jface.text.TextViewer.fireSelectionChanged(TextViewer.java:2738)
	at org.eclipse.jface.text.TextViewer.selectionChanged(TextViewer.java:2717)
	at org.eclipse.jface.text.TextViewer.setSelectedRange(TextViewer.java:2402)
	at org.eclipse.jface.text.TextViewer$ViewerState.restore(TextViewer.java:1237)
	at org.eclipse.jface.text.TextViewer.enabledRedrawing(TextViewer.java:5124)
	at org.eclipse.jface.text.TextViewer.enabledRedrawing(TextViewer.java:5099)
	at org.eclipse.jface.text.TextViewer.setRedraw(TextViewer.java:5184)
	at org.eclipse.jface.text.TextViewer.setRedraw(TextViewer.java:5158)
	at org.eclipse.jface.text.TextViewer$RewriteTarget.setRedraw(TextViewer.java:1067)
	at org.eclipse.jface.text.TextViewer$DocumentRewriteSessionListener.documentRewriteSessionChanged(TextViewer.java:1478)
	at org.eclipse.jface.text.AbstractDocument.fireRewriteSessionChanged(AbstractDocument.java:1559)
	at org.eclipse.jface.text.AbstractDocument.stopRewriteSession(AbstractDocument.java:1648)
	at org.eclipse.core.internal.filebuffers.SynchronizableDocument.stopRewriteSession(SynchronizableDocument.java:113)
	at org.eclipse.jface.text.TextViewer.shift(TextViewer.java:4436)
	at org.eclipse.jface.text.TextViewer.doOperation(TextViewer.java:4047)
	at org.eclipse.jface.text.source.SourceViewer.doOperation(SourceViewer.java:1018)
	at org.eclipse.jface.text.source.projection.ProjectionViewer.doOperation(ProjectionViewer.java:1507)
	at org.eclipse.jdt.internal.ui.javaeditor.JavaSourceViewer.doOperation(JavaSourceViewer.java:191)
	at org.eclipse.jdt.internal.ui.javaeditor.CompilationUnitEditor$AdaptedSourceViewer.doOperation(CompilationUnitEditor.java:200)
	at org.eclipse.jdt.internal.ui.javaeditor.ToggleCommentAction$1.run(ToggleCommentAction.java:107)
	at org.eclipse.swt.custom.BusyIndicator.showWhile(BusyIndicator.java:70)
	at org.eclipse.jdt.internal.ui.javaeditor.ToggleCommentAction.run(ToggleCommentAction.java:105)
	at org.eclipse.jface.action.Action.runWithEvent(Action.java:498)
	at org.eclipse.jface.commands.ActionHandler.execute(ActionHandler.java:119)
	at org.eclipse.ui.internal.handlers.E4HandlerProxy.execute(E4HandlerProxy.java:76)
	at sun.reflect.NativeMethodAccessorImpl.invoke0(Native Method)
	at sun.reflect.NativeMethodAccessorImpl.invoke(Unknown Source)
	at sun.reflect.DelegatingMethodAccessorImpl.invoke(Unknown Source)
	at java.lang.reflect.Method.invoke(Unknown Source)
	at org.eclipse.e4.core.internal.di.MethodRequestor.execute(MethodRequestor.java:56)
	at org.eclipse.e4.core.internal.di.InjectorImpl.invokeUsingClass(InjectorImpl.java:229)
	at org.eclipse.e4.core.internal.di.InjectorImpl.invoke(InjectorImpl.java:210)
	at org.eclipse.e4.core.contexts.ContextInjectionFactory.invoke(ContextInjectionFactory.java:131)
	at org.eclipse.e4.core.commands.internal.HandlerServiceImpl.executeHandler(HandlerServiceImpl.java:171)
	at org.eclipse.e4.ui.bindings.keys.KeyBindingDispatcher.executeCommand(KeyBindingDispatcher.java:276)
	at org.eclipse.e4.ui.bindings.keys.KeyBindingDispatcher.press(KeyBindingDispatcher.java:494)
	at org.eclipse.e4.ui.bindings.keys.KeyBindingDispatcher.processKeyEvent(KeyBindingDispatcher.java:545)
	at org.eclipse.e4.ui.bindings.keys.KeyBindingDispatcher.filterKeySequenceBindings(KeyBindingDispatcher.java:366)
	at org.eclipse.e4.ui.bindings.keys.KeyBindingDispatcher.access$0(KeyBindingDispatcher.java:313)
	at org.eclipse.e4.ui.bindings.keys.KeyBindingDispatcher$KeyDownFilter.handleEvent(KeyBindingDispatcher.java:82)
	at org.eclipse.swt.widgets.EventTable.sendEvent(EventTable.java:84)
	at org.eclipse.swt.widgets.Display.filterEvent(Display.java:1262)
	at org.eclipse.swt.widgets.Widget.sendEvent(Widget.java:1052)
	at org.eclipse.swt.widgets.Widget.sendEvent(Widget.java:1077)
	at org.eclipse.swt.widgets.Widget.sendEvent(Widget.java:1062)
	at org.eclipse.swt.widgets.Widget.sendKeyEvent(Widget.java:1104)
	at org.eclipse.swt.widgets.Widget.sendKeyEvent(Widget.java:1100)
	at org.eclipse.swt.widgets.Widget.wmChar(Widget.java:1521)
	at org.eclipse.swt.widgets.Control.WM_CHAR(Control.java:4640)
	at org.eclipse.swt.widgets.Canvas.WM_CHAR(Canvas.java:345)
	at org.eclipse.swt.widgets.Control.windowProc(Control.java:4528)
	at org.eclipse.swt.widgets.Canvas.windowProc(Canvas.java:341)
	at org.eclipse.swt.widgets.Display.windowProc(Display.java:4976)
	at org.eclipse.swt.internal.win32.OS.DispatchMessageW(Native Method)
	at org.eclipse.swt.internal.win32.OS.DispatchMessage(OS.java:2546)
	at org.eclipse.swt.widgets.Display.readAndDispatch(Display.java:3756)
	at org.eclipse.e4.ui.internal.workbench.swt.PartRenderingEngine$9.run(PartRenderingEngine.java:1029)
	at org.eclipse.core.databinding.observable.Realm.runWithDefault(Realm.java:332)
	at org.eclipse.e4.ui.internal.workbench.swt.PartRenderingEngine.run(PartRenderingEngine.java:923)
	at org.eclipse.e4.ui.internal.workbench.E4Workbench.createAndRunUI(E4Workbench.java:86)
	at org.eclipse.ui.internal.Workbench$5.run(Workbench.java:588)
	at org.eclipse.core.databinding.observable.Realm.runWithDefault(Realm.java:332)
	at org.eclipse.ui.internal.Workbench.createAndRunWorkbench(Workbench.java:543)
	at org.eclipse.ui.PlatformUI.createAndRunWorkbench(PlatformUI.java:149)
	at org.eclipse.ui.internal.ide.application.IDEApplication.start(IDEApplication.java:124)
	at org.eclipse.equinox.internal.app.EclipseAppHandle.run(EclipseAppHandle.java:196)
	at org.eclipse.core.runtime.internal.adaptor.EclipseAppLauncher.runApplication(EclipseAppLauncher.java:110)
	at org.eclipse.core.runtime.internal.adaptor.EclipseAppLauncher.start(EclipseAppLauncher.java:79)
	at org.eclipse.core.runtime.adaptor.EclipseStarter.run(EclipseStarter.java:353)
	at org.eclipse.core.runtime.adaptor.EclipseStarter.run(EclipseStarter.java:180)
	at sun.reflect.NativeMethodAccessorImpl.invoke0(Native Method)
	at sun.reflect.NativeMethodAccessorImpl.invoke(Unknown Source)
	at sun.reflect.DelegatingMethodAccessorImpl.invoke(Unknown Source)
	at java.lang.reflect.Method.invoke(Unknown Source)
	at org.eclipse.equinox.launcher.Main.invokeFramework(Main.java:629)
	at org.eclipse.equinox.launcher.Main.basicRun(Main.java:584)
	at org.eclipse.equinox.launcher.Main.run(Main.java:1438)
	at org.eclipse.equinox.launcher.Main.main(Main.java:1414)

!ENTRY org.eclipse.jface 4 0 2013-09-01 12:59:36.545
!MESSAGE Unable to resolve plug-in "platform:/plugin/com.android.ide.eclipse.ddms/icons/logcat.png".
!STACK 0
java.io.IOException: Unable to resolve plug-in "platform:/plugin/com.android.ide.eclipse.ddms/icons/logcat.png".
	at org.eclipse.core.internal.runtime.PlatformURLPluginConnection.parse(PlatformURLPluginConnection.java:64)
	at org.eclipse.core.internal.runtime.PlatformURLPluginConnection.resolve(PlatformURLPluginConnection.java:75)
	at org.eclipse.core.internal.boot.PlatformURLHandler.openConnection(PlatformURLHandler.java:67)
	at org.eclipse.osgi.framework.internal.protocol.URLStreamHandlerProxy.openConnection(URLStreamHandlerProxy.java:112)
	at java.net.URL.openConnection(Unknown Source)
	at org.eclipse.core.internal.runtime.PlatformURLConverter.toFileURL(PlatformURLConverter.java:33)
	at org.eclipse.core.runtime.FileLocator.toFileURL(FileLocator.java:206)
	at org.eclipse.jface.resource.URLImageDescriptor.getFilePath(URLImageDescriptor.java:137)
	at org.eclipse.jface.resource.URLImageDescriptor.createImage(URLImageDescriptor.java:157)
	at org.eclipse.jface.resource.ImageDescriptor.createImage(ImageDescriptor.java:227)
	at org.eclipse.jface.resource.ImageDescriptor.createImage(ImageDescriptor.java:205)
	at org.eclipse.e4.ui.workbench.renderers.swt.SWTPartRenderer.getImage(SWTPartRenderer.java:178)
	at org.eclipse.e4.ui.workbench.renderers.swt.StackRenderer.createTab(StackRenderer.java:767)
	at org.eclipse.e4.ui.workbench.renderers.swt.LazyStackRenderer.processContents(LazyStackRenderer.java:134)
	at org.eclipse.e4.ui.internal.workbench.swt.PartRenderingEngine.safeCreateGui(PartRenderingEngine.java:642)
	at org.eclipse.e4.ui.internal.workbench.swt.PartRenderingEngine.safeCreateGui(PartRenderingEngine.java:732)
	at org.eclipse.e4.ui.internal.workbench.swt.PartRenderingEngine.access$2(PartRenderingEngine.java:703)
	at org.eclipse.e4.ui.internal.workbench.swt.PartRenderingEngine$7.run(PartRenderingEngine.java:697)
	at org.eclipse.core.runtime.SafeRunner.run(SafeRunner.java:42)
	at org.eclipse.e4.ui.internal.workbench.swt.PartRenderingEngine.createGui(PartRenderingEngine.java:682)
	at org.eclipse.e4.ui.workbench.renderers.swt.SWTPartRenderer.processContents(SWTPartRenderer.java:59)
	at org.eclipse.e4.ui.internal.workbench.swt.PartRenderingEngine.safeCreateGui(PartRenderingEngine.java:642)
	at org.eclipse.e4.ui.internal.workbench.swt.PartRenderingEngine.safeCreateGui(PartRenderingEngine.java:732)
	at org.eclipse.e4.ui.internal.workbench.swt.PartRenderingEngine.access$2(PartRenderingEngine.java:703)
	at org.eclipse.e4.ui.internal.workbench.swt.PartRenderingEngine$7.run(PartRenderingEngine.java:697)
	at org.eclipse.core.runtime.SafeRunner.run(SafeRunner.java:42)
	at org.eclipse.e4.ui.internal.workbench.swt.PartRenderingEngine.createGui(PartRenderingEngine.java:682)
	at org.eclipse.e4.ui.workbench.renderers.swt.SWTPartRenderer.processContents(SWTPartRenderer.java:59)
	at org.eclipse.e4.ui.internal.workbench.swt.PartRenderingEngine.safeCreateGui(PartRenderingEngine.java:642)
	at org.eclipse.e4.ui.internal.workbench.swt.PartRenderingEngine.safeCreateGui(PartRenderingEngine.java:732)
	at org.eclipse.e4.ui.internal.workbench.swt.PartRenderingEngine.access$2(PartRenderingEngine.java:703)
	at org.eclipse.e4.ui.internal.workbench.swt.PartRenderingEngine$7.run(PartRenderingEngine.java:697)
	at org.eclipse.core.runtime.SafeRunner.run(SafeRunner.java:42)
	at org.eclipse.e4.ui.internal.workbench.swt.PartRenderingEngine.createGui(PartRenderingEngine.java:682)
	at org.eclipse.e4.ui.workbench.renderers.swt.SWTPartRenderer.processContents(SWTPartRenderer.java:59)
	at org.eclipse.e4.ui.workbench.renderers.swt.PerspectiveRenderer.processContents(PerspectiveRenderer.java:59)
	at org.eclipse.e4.ui.internal.workbench.swt.PartRenderingEngine.safeCreateGui(PartRenderingEngine.java:642)
	at org.eclipse.e4.ui.internal.workbench.swt.PartRenderingEngine.safeCreateGui(PartRenderingEngine.java:732)
	at org.eclipse.e4.ui.internal.workbench.swt.PartRenderingEngine.access$2(PartRenderingEngine.java:703)
	at org.eclipse.e4.ui.internal.workbench.swt.PartRenderingEngine$7.run(PartRenderingEngine.java:697)
	at org.eclipse.core.runtime.SafeRunner.run(SafeRunner.java:42)
	at org.eclipse.e4.ui.internal.workbench.swt.PartRenderingEngine.createGui(PartRenderingEngine.java:682)
	at org.eclipse.e4.ui.workbench.renderers.swt.PerspectiveStackRenderer.showTab(PerspectiveStackRenderer.java:103)
	at org.eclipse.e4.ui.workbench.renderers.swt.LazyStackRenderer$1.handleEvent(LazyStackRenderer.java:67)
	at org.eclipse.e4.ui.services.internal.events.UIEventHandler$1.run(UIEventHandler.java:41)
	at org.eclipse.swt.widgets.Synchronizer.syncExec(Synchronizer.java:180)
	at org.eclipse.ui.internal.UISynchronizer.syncExec(UISynchronizer.java:150)
	at org.eclipse.swt.widgets.Display.syncExec(Display.java:4687)
	at org.eclipse.e4.ui.internal.workbench.swt.E4Application$1.syncExec(E4Application.java:187)
	at org.eclipse.e4.ui.services.internal.events.UIEventHandler.handleEvent(UIEventHandler.java:38)
	at org.eclipse.equinox.internal.event.EventHandlerWrapper.handleEvent(EventHandlerWrapper.java:197)
	at org.eclipse.equinox.internal.event.EventHandlerTracker.dispatchEvent(EventHandlerTracker.java:197)
	at org.eclipse.equinox.internal.event.EventHandlerTracker.dispatchEvent(EventHandlerTracker.java:1)
	at org.eclipse.osgi.framework.eventmgr.EventManager.dispatchEvent(EventManager.java:230)
	at org.eclipse.osgi.framework.eventmgr.ListenerQueue.dispatchEventSynchronous(ListenerQueue.java:148)
	at org.eclipse.equinox.internal.event.EventAdminImpl.dispatchEvent(EventAdminImpl.java:135)
	at org.eclipse.equinox.internal.event.EventAdminImpl.sendEvent(EventAdminImpl.java:78)
	at org.eclipse.equinox.internal.event.EventComponent.sendEvent(EventComponent.java:39)
	at org.eclipse.e4.ui.services.internal.events.EventBroker.send(EventBroker.java:81)
	at org.eclipse.e4.ui.internal.workbench.UIEventPublisher.notifyChanged(UIEventPublisher.java:58)
	at org.eclipse.emf.common.notify.impl.BasicNotifierImpl.eNotify(BasicNotifierImpl.java:374)
	at org.eclipse.e4.ui.model.application.ui.advanced.impl.PerspectiveStackImpl.setSelectedElement(PerspectiveStackImpl.java:135)
	at org.eclipse.e4.ui.model.application.ui.advanced.impl.PerspectiveStackImpl.setSelectedElement(PerspectiveStackImpl.java:1)
	at org.eclipse.ui.internal.WorkbenchPage.setPerspective(WorkbenchPage.java:3584)
	at org.eclipse.ui.internal.Workbench.showPerspective(Workbench.java:2660)
	at org.eclipse.ui.internal.Workbench.showPerspective(Workbench.java:2600)
	at org.eclipse.debug.internal.ui.launchConfigurations.PerspectiveManager.switchToPerspective(PerspectiveManager.java:367)
	at org.eclipse.debug.internal.ui.launchConfigurations.PerspectiveManager$5.runInUIThread(PerspectiveManager.java:446)
	at org.eclipse.debug.internal.ui.launchConfigurations.PerspectiveManager$1.run(PerspectiveManager.java:211)
	at org.eclipse.swt.widgets.RunnableLock.run(RunnableLock.java:35)
	at org.eclipse.swt.widgets.Synchronizer.runAsyncMessages(Synchronizer.java:135)
	at org.eclipse.swt.widgets.Display.runAsyncMessages(Display.java:4144)
	at org.eclipse.swt.widgets.Display.readAndDispatch(Display.java:3761)
	at org.eclipse.e4.ui.internal.workbench.swt.PartRenderingEngine$9.run(PartRenderingEngine.java:1029)
	at org.eclipse.core.databinding.observable.Realm.runWithDefault(Realm.java:332)
	at org.eclipse.e4.ui.internal.workbench.swt.PartRenderingEngine.run(PartRenderingEngine.java:923)
	at org.eclipse.e4.ui.internal.workbench.E4Workbench.createAndRunUI(E4Workbench.java:86)
	at org.eclipse.ui.internal.Workbench$5.run(Workbench.java:588)
	at org.eclipse.core.databinding.observable.Realm.runWithDefault(Realm.java:332)
	at org.eclipse.ui.internal.Workbench.createAndRunWorkbench(Workbench.java:543)
	at org.eclipse.ui.PlatformUI.createAndRunWorkbench(PlatformUI.java:149)
	at org.eclipse.ui.internal.ide.application.IDEApplication.start(IDEApplication.java:124)
	at org.eclipse.equinox.internal.app.EclipseAppHandle.run(EclipseAppHandle.java:196)
	at org.eclipse.core.runtime.internal.adaptor.EclipseAppLauncher.runApplication(EclipseAppLauncher.java:110)
	at org.eclipse.core.runtime.internal.adaptor.EclipseAppLauncher.start(EclipseAppLauncher.java:79)
	at org.eclipse.core.runtime.adaptor.EclipseStarter.run(EclipseStarter.java:353)
	at org.eclipse.core.runtime.adaptor.EclipseStarter.run(EclipseStarter.java:180)
	at sun.reflect.NativeMethodAccessorImpl.invoke0(Native Method)
	at sun.reflect.NativeMethodAccessorImpl.invoke(Unknown Source)
	at sun.reflect.DelegatingMethodAccessorImpl.invoke(Unknown Source)
	at java.lang.reflect.Method.invoke(Unknown Source)
	at org.eclipse.equinox.launcher.Main.invokeFramework(Main.java:629)
	at org.eclipse.equinox.launcher.Main.basicRun(Main.java:584)
	at org.eclipse.equinox.launcher.Main.run(Main.java:1438)
	at org.eclipse.equinox.launcher.Main.main(Main.java:1414)

!ENTRY org.eclipse.jface 4 0 2013-09-01 12:59:36.689
!MESSAGE Unable to resolve plug-in "platform:/plugin/org.eclipse.cdt.debug.ui/icons/obj16/exec_view_obj.gif".
!STACK 0
java.io.IOException: Unable to resolve plug-in "platform:/plugin/org.eclipse.cdt.debug.ui/icons/obj16/exec_view_obj.gif".
	at org.eclipse.core.internal.runtime.PlatformURLPluginConnection.parse(PlatformURLPluginConnection.java:64)
	at org.eclipse.core.internal.runtime.PlatformURLPluginConnection.resolve(PlatformURLPluginConnection.java:75)
	at org.eclipse.core.internal.boot.PlatformURLHandler.openConnection(PlatformURLHandler.java:67)
	at org.eclipse.osgi.framework.internal.protocol.URLStreamHandlerProxy.openConnection(URLStreamHandlerProxy.java:112)
	at java.net.URL.openConnection(Unknown Source)
	at org.eclipse.core.internal.runtime.PlatformURLConverter.toFileURL(PlatformURLConverter.java:33)
	at org.eclipse.core.runtime.FileLocator.toFileURL(FileLocator.java:206)
	at org.eclipse.jface.resource.URLImageDescriptor.getFilePath(URLImageDescriptor.java:137)
	at org.eclipse.jface.resource.URLImageDescriptor.createImage(URLImageDescriptor.java:157)
	at org.eclipse.jface.resource.ImageDescriptor.createImage(ImageDescriptor.java:227)
	at org.eclipse.jface.resource.ImageDescriptor.createImage(ImageDescriptor.java:205)
	at org.eclipse.e4.ui.workbench.renderers.swt.SWTPartRenderer.getImage(SWTPartRenderer.java:178)
	at org.eclipse.e4.ui.workbench.renderers.swt.StackRenderer.createTab(StackRenderer.java:767)
	at org.eclipse.e4.ui.workbench.renderers.swt.LazyStackRenderer.processContents(LazyStackRenderer.java:134)
	at org.eclipse.e4.ui.internal.workbench.swt.PartRenderingEngine.safeCreateGui(PartRenderingEngine.java:642)
	at org.eclipse.e4.ui.internal.workbench.swt.PartRenderingEngine.safeCreateGui(PartRenderingEngine.java:732)
	at org.eclipse.e4.ui.internal.workbench.swt.PartRenderingEngine.access$2(PartRenderingEngine.java:703)
	at org.eclipse.e4.ui.internal.workbench.swt.PartRenderingEngine$7.run(PartRenderingEngine.java:697)
	at org.eclipse.core.runtime.SafeRunner.run(SafeRunner.java:42)
	at org.eclipse.e4.ui.internal.workbench.swt.PartRenderingEngine.createGui(PartRenderingEngine.java:682)
	at org.eclipse.e4.ui.workbench.renderers.swt.SWTPartRenderer.processContents(SWTPartRenderer.java:59)
	at org.eclipse.e4.ui.internal.workbench.swt.PartRenderingEngine.safeCreateGui(PartRenderingEngine.java:642)
	at org.eclipse.e4.ui.internal.workbench.swt.PartRenderingEngine.safeCreateGui(PartRenderingEngine.java:732)
	at org.eclipse.e4.ui.internal.workbench.swt.PartRenderingEngine.access$2(PartRenderingEngine.java:703)
	at org.eclipse.e4.ui.internal.workbench.swt.PartRenderingEngine$7.run(PartRenderingEngine.java:697)
	at org.eclipse.core.runtime.SafeRunner.run(SafeRunner.java:42)
	at org.eclipse.e4.ui.internal.workbench.swt.PartRenderingEngine.createGui(PartRenderingEngine.java:682)
	at org.eclipse.e4.ui.workbench.renderers.swt.SWTPartRenderer.processContents(SWTPartRenderer.java:59)
	at org.eclipse.e4.ui.internal.workbench.swt.PartRenderingEngine.safeCreateGui(PartRenderingEngine.java:642)
	at org.eclipse.e4.ui.internal.workbench.swt.PartRenderingEngine.safeCreateGui(PartRenderingEngine.java:732)
	at org.eclipse.e4.ui.internal.workbench.swt.PartRenderingEngine.access$2(PartRenderingEngine.java:703)
	at org.eclipse.e4.ui.internal.workbench.swt.PartRenderingEngine$7.run(PartRenderingEngine.java:697)
	at org.eclipse.core.runtime.SafeRunner.run(SafeRunner.java:42)
	at org.eclipse.e4.ui.internal.workbench.swt.PartRenderingEngine.createGui(PartRenderingEngine.java:682)
	at org.eclipse.e4.ui.workbench.renderers.swt.SWTPartRenderer.processContents(SWTPartRenderer.java:59)
	at org.eclipse.e4.ui.workbench.renderers.swt.PerspectiveRenderer.processContents(PerspectiveRenderer.java:59)
	at org.eclipse.e4.ui.internal.workbench.swt.PartRenderingEngine.safeCreateGui(PartRenderingEngine.java:642)
	at org.eclipse.e4.ui.internal.workbench.swt.PartRenderingEngine.safeCreateGui(PartRenderingEngine.java:732)
	at org.eclipse.e4.ui.internal.workbench.swt.PartRenderingEngine.access$2(PartRenderingEngine.java:703)
	at org.eclipse.e4.ui.internal.workbench.swt.PartRenderingEngine$7.run(PartRenderingEngine.java:697)
	at org.eclipse.core.runtime.SafeRunner.run(SafeRunner.java:42)
	at org.eclipse.e4.ui.internal.workbench.swt.PartRenderingEngine.createGui(PartRenderingEngine.java:682)
	at org.eclipse.e4.ui.workbench.renderers.swt.PerspectiveStackRenderer.showTab(PerspectiveStackRenderer.java:103)
	at org.eclipse.e4.ui.workbench.renderers.swt.LazyStackRenderer$1.handleEvent(LazyStackRenderer.java:67)
	at org.eclipse.e4.ui.services.internal.events.UIEventHandler$1.run(UIEventHandler.java:41)
	at org.eclipse.swt.widgets.Synchronizer.syncExec(Synchronizer.java:180)
	at org.eclipse.ui.internal.UISynchronizer.syncExec(UISynchronizer.java:150)
	at org.eclipse.swt.widgets.Display.syncExec(Display.java:4687)
	at org.eclipse.e4.ui.internal.workbench.swt.E4Application$1.syncExec(E4Application.java:187)
	at org.eclipse.e4.ui.services.internal.events.UIEventHandler.handleEvent(UIEventHandler.java:38)
	at org.eclipse.equinox.internal.event.EventHandlerWrapper.handleEvent(EventHandlerWrapper.java:197)
	at org.eclipse.equinox.internal.event.EventHandlerTracker.dispatchEvent(EventHandlerTracker.java:197)
	at org.eclipse.equinox.internal.event.EventHandlerTracker.dispatchEvent(EventHandlerTracker.java:1)
	at org.eclipse.osgi.framework.eventmgr.EventManager.dispatchEvent(EventManager.java:230)
	at org.eclipse.osgi.framework.eventmgr.ListenerQueue.dispatchEventSynchronous(ListenerQueue.java:148)
	at org.eclipse.equinox.internal.event.EventAdminImpl.dispatchEvent(EventAdminImpl.java:135)
	at org.eclipse.equinox.internal.event.EventAdminImpl.sendEvent(EventAdminImpl.java:78)
	at org.eclipse.equinox.internal.event.EventComponent.sendEvent(EventComponent.java:39)
	at org.eclipse.e4.ui.services.internal.events.EventBroker.send(EventBroker.java:81)
	at org.eclipse.e4.ui.internal.workbench.UIEventPublisher.notifyChanged(UIEventPublisher.java:58)
	at org.eclipse.emf.common.notify.impl.BasicNotifierImpl.eNotify(BasicNotifierImpl.java:374)
	at org.eclipse.e4.ui.model.application.ui.advanced.impl.PerspectiveStackImpl.setSelectedElement(PerspectiveStackImpl.java:135)
	at org.eclipse.e4.ui.model.application.ui.advanced.impl.PerspectiveStackImpl.setSelectedElement(PerspectiveStackImpl.java:1)
	at org.eclipse.ui.internal.WorkbenchPage.setPerspective(WorkbenchPage.java:3584)
	at org.eclipse.ui.internal.Workbench.showPerspective(Workbench.java:2660)
	at org.eclipse.ui.internal.Workbench.showPerspective(Workbench.java:2600)
	at org.eclipse.debug.internal.ui.launchConfigurations.PerspectiveManager.switchToPerspective(PerspectiveManager.java:367)
	at org.eclipse.debug.internal.ui.launchConfigurations.PerspectiveManager$5.runInUIThread(PerspectiveManager.java:446)
	at org.eclipse.debug.internal.ui.launchConfigurations.PerspectiveManager$1.run(PerspectiveManager.java:211)
	at org.eclipse.swt.widgets.RunnableLock.run(RunnableLock.java:35)
	at org.eclipse.swt.widgets.Synchronizer.runAsyncMessages(Synchronizer.java:135)
	at org.eclipse.swt.widgets.Display.runAsyncMessages(Display.java:4144)
	at org.eclipse.swt.widgets.Display.readAndDispatch(Display.java:3761)
	at org.eclipse.e4.ui.internal.workbench.swt.PartRenderingEngine$9.run(PartRenderingEngine.java:1029)
	at org.eclipse.core.databinding.observable.Realm.runWithDefault(Realm.java:332)
	at org.eclipse.e4.ui.internal.workbench.swt.PartRenderingEngine.run(PartRenderingEngine.java:923)
	at org.eclipse.e4.ui.internal.workbench.E4Workbench.createAndRunUI(E4Workbench.java:86)
	at org.eclipse.ui.internal.Workbench$5.run(Workbench.java:588)
	at org.eclipse.core.databinding.observable.Realm.runWithDefault(Realm.java:332)
	at org.eclipse.ui.internal.Workbench.createAndRunWorkbench(Workbench.java:543)
	at org.eclipse.ui.PlatformUI.createAndRunWorkbench(PlatformUI.java:149)
	at org.eclipse.ui.internal.ide.application.IDEApplication.start(IDEApplication.java:124)
	at org.eclipse.equinox.internal.app.EclipseAppHandle.run(EclipseAppHandle.java:196)
	at org.eclipse.core.runtime.internal.adaptor.EclipseAppLauncher.runApplication(EclipseAppLauncher.java:110)
	at org.eclipse.core.runtime.internal.adaptor.EclipseAppLauncher.start(EclipseAppLauncher.java:79)
	at org.eclipse.core.runtime.adaptor.EclipseStarter.run(EclipseStarter.java:353)
	at org.eclipse.core.runtime.adaptor.EclipseStarter.run(EclipseStarter.java:180)
	at sun.reflect.NativeMethodAccessorImpl.invoke0(Native Method)
	at sun.reflect.NativeMethodAccessorImpl.invoke(Unknown Source)
	at sun.reflect.DelegatingMethodAccessorImpl.invoke(Unknown Source)
	at java.lang.reflect.Method.invoke(Unknown Source)
	at org.eclipse.equinox.launcher.Main.invokeFramework(Main.java:629)
	at org.eclipse.equinox.launcher.Main.basicRun(Main.java:584)
	at org.eclipse.equinox.launcher.Main.run(Main.java:1438)
	at org.eclipse.equinox.launcher.Main.main(Main.java:1414)

!ENTRY org.eclipse.ui 4 4 2013-09-01 12:59:36.869
!MESSAGE Unable to find Action Set: org.eclipse.cdt.debug.ui.debugActionSet

!ENTRY org.eclipse.jface 4 2 2013-09-01 14:25:26.641
!MESSAGE Problems occurred when invoking code from plug-in: "org.eclipse.jface".
!STACK 0
org.eclipse.core.runtime.AssertionFailedException: assertion failed: 
	at org.eclipse.core.runtime.Assert.isTrue(Assert.java:110)
	at org.eclipse.core.runtime.Assert.isTrue(Assert.java:96)
	at org.eclipse.ui.texteditor.EditorStatusLine$StatusLineClearer.selectionChanged(EditorStatusLine.java:41)
	at org.eclipse.jface.viewers.Viewer$2.run(Viewer.java:164)
	at org.eclipse.core.runtime.SafeRunner.run(SafeRunner.java:42)
	at org.eclipse.ui.internal.JFaceUtil$1.run(JFaceUtil.java:49)
	at org.eclipse.jface.util.SafeRunnable.run(SafeRunnable.java:175)
	at org.eclipse.jface.viewers.Viewer.fireSelectionChanged(Viewer.java:162)
	at org.eclipse.jface.text.TextViewer.fireSelectionChanged(TextViewer.java:2738)
	at org.eclipse.jface.text.TextViewer.selectionChanged(TextViewer.java:2717)
	at org.eclipse.jface.text.TextViewer.setSelectedRange(TextViewer.java:2402)
	at org.eclipse.jface.text.TextViewer$ViewerState.restore(TextViewer.java:1237)
	at org.eclipse.jface.text.TextViewer.enabledRedrawing(TextViewer.java:5124)
	at org.eclipse.jface.text.TextViewer.enabledRedrawing(TextViewer.java:5099)
	at org.eclipse.jface.text.TextViewer.setRedraw(TextViewer.java:5184)
	at org.eclipse.jface.text.TextViewer.setRedraw(TextViewer.java:5158)
	at org.eclipse.jface.text.TextViewer$RewriteTarget.setRedraw(TextViewer.java:1067)
	at org.eclipse.jface.text.TextViewer$DocumentRewriteSessionListener.documentRewriteSessionChanged(TextViewer.java:1478)
	at org.eclipse.jface.text.AbstractDocument.fireRewriteSessionChanged(AbstractDocument.java:1559)
	at org.eclipse.jface.text.AbstractDocument.stopRewriteSession(AbstractDocument.java:1648)
	at org.eclipse.core.internal.filebuffers.SynchronizableDocument.stopRewriteSession(SynchronizableDocument.java:113)
	at org.eclipse.jface.text.TextViewer.shift(TextViewer.java:4436)
	at org.eclipse.jface.text.TextViewer.doOperation(TextViewer.java:4047)
	at org.eclipse.jface.text.source.SourceViewer.doOperation(SourceViewer.java:1018)
	at org.eclipse.jface.text.source.projection.ProjectionViewer.doOperation(ProjectionViewer.java:1507)
	at org.eclipse.jdt.internal.ui.javaeditor.JavaSourceViewer.doOperation(JavaSourceViewer.java:191)
	at org.eclipse.jdt.internal.ui.javaeditor.CompilationUnitEditor$AdaptedSourceViewer.doOperation(CompilationUnitEditor.java:200)
	at org.eclipse.jdt.internal.ui.javaeditor.ToggleCommentAction$1.run(ToggleCommentAction.java:107)
	at org.eclipse.swt.custom.BusyIndicator.showWhile(BusyIndicator.java:70)
	at org.eclipse.jdt.internal.ui.javaeditor.ToggleCommentAction.run(ToggleCommentAction.java:105)
	at org.eclipse.jface.action.Action.runWithEvent(Action.java:498)
	at org.eclipse.jface.commands.ActionHandler.execute(ActionHandler.java:119)
	at org.eclipse.ui.internal.handlers.E4HandlerProxy.execute(E4HandlerProxy.java:76)
	at sun.reflect.GeneratedMethodAccessor45.invoke(Unknown Source)
	at sun.reflect.DelegatingMethodAccessorImpl.invoke(Unknown Source)
	at java.lang.reflect.Method.invoke(Unknown Source)
	at org.eclipse.e4.core.internal.di.MethodRequestor.execute(MethodRequestor.java:56)
	at org.eclipse.e4.core.internal.di.InjectorImpl.invokeUsingClass(InjectorImpl.java:229)
	at org.eclipse.e4.core.internal.di.InjectorImpl.invoke(InjectorImpl.java:210)
	at org.eclipse.e4.core.contexts.ContextInjectionFactory.invoke(ContextInjectionFactory.java:131)
	at org.eclipse.e4.core.commands.internal.HandlerServiceImpl.executeHandler(HandlerServiceImpl.java:171)
	at org.eclipse.e4.ui.bindings.keys.KeyBindingDispatcher.executeCommand(KeyBindingDispatcher.java:276)
	at org.eclipse.e4.ui.bindings.keys.KeyBindingDispatcher.press(KeyBindingDispatcher.java:494)
	at org.eclipse.e4.ui.bindings.keys.KeyBindingDispatcher.processKeyEvent(KeyBindingDispatcher.java:545)
	at org.eclipse.e4.ui.bindings.keys.KeyBindingDispatcher.filterKeySequenceBindings(KeyBindingDispatcher.java:366)
	at org.eclipse.e4.ui.bindings.keys.KeyBindingDispatcher.access$0(KeyBindingDispatcher.java:313)
	at org.eclipse.e4.ui.bindings.keys.KeyBindingDispatcher$KeyDownFilter.handleEvent(KeyBindingDispatcher.java:82)
	at org.eclipse.swt.widgets.EventTable.sendEvent(EventTable.java:84)
	at org.eclipse.swt.widgets.Display.filterEvent(Display.java:1262)
	at org.eclipse.swt.widgets.Widget.sendEvent(Widget.java:1052)
	at org.eclipse.swt.widgets.Widget.sendEvent(Widget.java:1077)
	at org.eclipse.swt.widgets.Widget.sendEvent(Widget.java:1062)
	at org.eclipse.swt.widgets.Widget.sendKeyEvent(Widget.java:1104)
	at org.eclipse.swt.widgets.Widget.sendKeyEvent(Widget.java:1100)
	at org.eclipse.swt.widgets.Widget.wmChar(Widget.java:1521)
	at org.eclipse.swt.widgets.Control.WM_CHAR(Control.java:4640)
	at org.eclipse.swt.widgets.Canvas.WM_CHAR(Canvas.java:345)
	at org.eclipse.swt.widgets.Control.windowProc(Control.java:4528)
	at org.eclipse.swt.widgets.Canvas.windowProc(Canvas.java:341)
	at org.eclipse.swt.widgets.Display.windowProc(Display.java:4976)
	at org.eclipse.swt.internal.win32.OS.DispatchMessageW(Native Method)
	at org.eclipse.swt.internal.win32.OS.DispatchMessage(OS.java:2546)
	at org.eclipse.swt.widgets.Display.readAndDispatch(Display.java:3756)
	at org.eclipse.e4.ui.internal.workbench.swt.PartRenderingEngine$9.run(PartRenderingEngine.java:1029)
	at org.eclipse.core.databinding.observable.Realm.runWithDefault(Realm.java:332)
	at org.eclipse.e4.ui.internal.workbench.swt.PartRenderingEngine.run(PartRenderingEngine.java:923)
	at org.eclipse.e4.ui.internal.workbench.E4Workbench.createAndRunUI(E4Workbench.java:86)
	at org.eclipse.ui.internal.Workbench$5.run(Workbench.java:588)
	at org.eclipse.core.databinding.observable.Realm.runWithDefault(Realm.java:332)
	at org.eclipse.ui.internal.Workbench.createAndRunWorkbench(Workbench.java:543)
	at org.eclipse.ui.PlatformUI.createAndRunWorkbench(PlatformUI.java:149)
	at org.eclipse.ui.internal.ide.application.IDEApplication.start(IDEApplication.java:124)
	at org.eclipse.equinox.internal.app.EclipseAppHandle.run(EclipseAppHandle.java:196)
	at org.eclipse.core.runtime.internal.adaptor.EclipseAppLauncher.runApplication(EclipseAppLauncher.java:110)
	at org.eclipse.core.runtime.internal.adaptor.EclipseAppLauncher.start(EclipseAppLauncher.java:79)
	at org.eclipse.core.runtime.adaptor.EclipseStarter.run(EclipseStarter.java:353)
	at org.eclipse.core.runtime.adaptor.EclipseStarter.run(EclipseStarter.java:180)
	at sun.reflect.NativeMethodAccessorImpl.invoke0(Native Method)
	at sun.reflect.NativeMethodAccessorImpl.invoke(Unknown Source)
	at sun.reflect.DelegatingMethodAccessorImpl.invoke(Unknown Source)
	at java.lang.reflect.Method.invoke(Unknown Source)
	at org.eclipse.equinox.launcher.Main.invokeFramework(Main.java:629)
	at org.eclipse.equinox.launcher.Main.basicRun(Main.java:584)
	at org.eclipse.equinox.launcher.Main.run(Main.java:1438)
	at org.eclipse.equinox.launcher.Main.main(Main.java:1414)

!ENTRY org.eclipse.jface 4 2 2013-09-01 14:29:38.229
!MESSAGE Problems occurred when invoking code from plug-in: "org.eclipse.jface".
!STACK 0
org.eclipse.core.runtime.AssertionFailedException: assertion failed: 
	at org.eclipse.core.runtime.Assert.isTrue(Assert.java:110)
	at org.eclipse.core.runtime.Assert.isTrue(Assert.java:96)
	at org.eclipse.ui.texteditor.EditorStatusLine$StatusLineClearer.selectionChanged(EditorStatusLine.java:41)
	at org.eclipse.jface.viewers.Viewer$2.run(Viewer.java:164)
	at org.eclipse.core.runtime.SafeRunner.run(SafeRunner.java:42)
	at org.eclipse.ui.internal.JFaceUtil$1.run(JFaceUtil.java:49)
	at org.eclipse.jface.util.SafeRunnable.run(SafeRunnable.java:175)
	at org.eclipse.jface.viewers.Viewer.fireSelectionChanged(Viewer.java:162)
	at org.eclipse.jface.text.TextViewer.fireSelectionChanged(TextViewer.java:2738)
	at org.eclipse.jface.text.TextViewer.selectionChanged(TextViewer.java:2717)
	at org.eclipse.jface.text.TextViewer.setSelectedRange(TextViewer.java:2402)
	at org.eclipse.jface.text.TextViewer$ViewerState.restore(TextViewer.java:1237)
	at org.eclipse.jface.text.TextViewer.enabledRedrawing(TextViewer.java:5124)
	at org.eclipse.jface.text.TextViewer.enabledRedrawing(TextViewer.java:5099)
	at org.eclipse.jface.text.TextViewer.setRedraw(TextViewer.java:5184)
	at org.eclipse.jface.text.TextViewer.setRedraw(TextViewer.java:5158)
	at org.eclipse.jface.text.TextViewer$RewriteTarget.setRedraw(TextViewer.java:1067)
	at org.eclipse.jface.text.TextViewer$DocumentRewriteSessionListener.documentRewriteSessionChanged(TextViewer.java:1478)
	at org.eclipse.jface.text.AbstractDocument.fireRewriteSessionChanged(AbstractDocument.java:1559)
	at org.eclipse.jface.text.AbstractDocument.stopRewriteSession(AbstractDocument.java:1648)
	at org.eclipse.core.internal.filebuffers.SynchronizableDocument.stopRewriteSession(SynchronizableDocument.java:113)
	at org.eclipse.ltk.core.refactoring.TextChange.performEdits(TextChange.java:281)
	at org.eclipse.ltk.core.refactoring.TextFileChange.access$0(TextFileChange.java:1)
	at org.eclipse.ltk.core.refactoring.TextFileChange$1.run(TextFileChange.java:275)
	at org.eclipse.ui.internal.editors.text.UISynchronizationContext.run(UISynchronizationContext.java:34)
	at org.eclipse.core.internal.filebuffers.TextFileBufferManager.execute(TextFileBufferManager.java:629)
	at org.eclipse.ltk.core.refactoring.TextFileChange.performEdits(TextFileChange.java:287)
	at org.eclipse.ltk.core.refactoring.TextChange.perform(TextChange.java:238)
	at org.eclipse.jdt.ui.text.java.correction.ChangeCorrectionProposal.performChange(ChangeCorrectionProposal.java:185)
	at org.eclipse.jdt.internal.ui.text.correction.proposals.LinkedCorrectionProposal.performChange(LinkedCorrectionProposal.java:150)
	at org.eclipse.jdt.ui.text.java.correction.CUCorrectionProposal.apply(CUCorrectionProposal.java:184)
	at org.eclipse.jdt.internal.ui.text.java.hover.AbstractAnnotationHover$AnnotationInformationControl.apply(AbstractAnnotationHover.java:538)
	at org.eclipse.jdt.internal.ui.text.java.hover.AbstractAnnotationHover$AnnotationInformationControl.access$2(AbstractAnnotationHover.java:515)
	at org.eclipse.jdt.internal.ui.text.java.hover.AbstractAnnotationHover$AnnotationInformationControl$5.widgetSelected(AbstractAnnotationHover.java:509)
	at org.eclipse.swt.widgets.TypedListener.handleEvent(TypedListener.java:248)
	at org.eclipse.swt.widgets.EventTable.sendEvent(EventTable.java:84)
	at org.eclipse.swt.widgets.Widget.sendEvent(Widget.java:1053)
	at org.eclipse.swt.widgets.Widget.sendEvent(Widget.java:1077)
	at org.eclipse.swt.widgets.Widget.sendSelectionEvent(Widget.java:1094)
	at org.eclipse.swt.widgets.Link.wmNotifyChild(Link.java:1071)
	at org.eclipse.swt.widgets.Control.wmNotify(Control.java:5534)
	at org.eclipse.swt.widgets.Composite.wmNotify(Composite.java:1896)
	at org.eclipse.swt.widgets.Control.WM_NOTIFY(Control.java:5086)
	at org.eclipse.swt.widgets.Control.windowProc(Control.java:4584)
	at org.eclipse.swt.widgets.Display.windowProc(Display.java:4989)
	at org.eclipse.swt.internal.win32.OS.CallWindowProcW(Native Method)
	at org.eclipse.swt.internal.win32.OS.CallWindowProc(OS.java:2440)
	at org.eclipse.swt.widgets.Link.callWindowProc(Link.java:172)
	at org.eclipse.swt.widgets.Widget.wmLButtonUp(Widget.java:2071)
	at org.eclipse.swt.widgets.Control.WM_LBUTTONUP(Control.java:4912)
	at org.eclipse.swt.widgets.Link.WM_LBUTTONUP(Link.java:909)
	at org.eclipse.swt.widgets.Control.windowProc(Control.java:4565)
	at org.eclipse.swt.widgets.Display.windowProc(Display.java:4989)
	at org.eclipse.swt.internal.win32.OS.DispatchMessageW(Native Method)
	at org.eclipse.swt.internal.win32.OS.DispatchMessage(OS.java:2546)
	at org.eclipse.swt.widgets.Display.readAndDispatch(Display.java:3756)
	at org.eclipse.e4.ui.internal.workbench.swt.PartRenderingEngine$9.run(PartRenderingEngine.java:1029)
	at org.eclipse.core.databinding.observable.Realm.runWithDefault(Realm.java:332)
	at org.eclipse.e4.ui.internal.workbench.swt.PartRenderingEngine.run(PartRenderingEngine.java:923)
	at org.eclipse.e4.ui.internal.workbench.E4Workbench.createAndRunUI(E4Workbench.java:86)
	at org.eclipse.ui.internal.Workbench$5.run(Workbench.java:588)
	at org.eclipse.core.databinding.observable.Realm.runWithDefault(Realm.java:332)
	at org.eclipse.ui.internal.Workbench.createAndRunWorkbench(Workbench.java:543)
	at org.eclipse.ui.PlatformUI.createAndRunWorkbench(PlatformUI.java:149)
	at org.eclipse.ui.internal.ide.application.IDEApplication.start(IDEApplication.java:124)
	at org.eclipse.equinox.internal.app.EclipseAppHandle.run(EclipseAppHandle.java:196)
	at org.eclipse.core.runtime.internal.adaptor.EclipseAppLauncher.runApplication(EclipseAppLauncher.java:110)
	at org.eclipse.core.runtime.internal.adaptor.EclipseAppLauncher.start(EclipseAppLauncher.java:79)
	at org.eclipse.core.runtime.adaptor.EclipseStarter.run(EclipseStarter.java:353)
	at org.eclipse.core.runtime.adaptor.EclipseStarter.run(EclipseStarter.java:180)
	at sun.reflect.NativeMethodAccessorImpl.invoke0(Native Method)
	at sun.reflect.NativeMethodAccessorImpl.invoke(Unknown Source)
	at sun.reflect.DelegatingMethodAccessorImpl.invoke(Unknown Source)
	at java.lang.reflect.Method.invoke(Unknown Source)
	at org.eclipse.equinox.launcher.Main.invokeFramework(Main.java:629)
	at org.eclipse.equinox.launcher.Main.basicRun(Main.java:584)
	at org.eclipse.equinox.launcher.Main.run(Main.java:1438)
	at org.eclipse.equinox.launcher.Main.main(Main.java:1414)
!SESSION 2013-09-01 15:13:45.540 -----------------------------------------------
eclipse.buildId=M20130204-1200
java.version=1.7.0_25
java.vendor=Oracle Corporation
BootLoader constants: OS=win32, ARCH=x86, WS=win32, NL=en_US
Command-line arguments:  -os win32 -ws win32 -arch x86

!ENTRY org.eclipse.ui 2 2 2013-09-01 15:22:40.169
!MESSAGE Invalid property category path: ValidationPropertiesPage (bundle: org.eclipse.wst.xml.ui, propertyPage: org.eclipse.wst.xml.ui.propertyPage.project.validation)

!ENTRY org.eclipse.e4.ui.workbench 4 0 2013-09-01 15:31:26.385
!MESSAGE Error setting focus to : org.eclipse.e4.ui.model.application.ui.basic.impl.PartImpl DatabaseClient.java
!STACK 0
org.eclipse.swt.SWTException: Widget is disposed
	at org.eclipse.swt.SWT.error(SWT.java:4361)
	at org.eclipse.swt.SWT.error(SWT.java:4276)
	at org.eclipse.swt.SWT.error(SWT.java:4247)
	at org.eclipse.swt.widgets.Widget.error(Widget.java:468)
	at org.eclipse.swt.widgets.Widget.checkWidget(Widget.java:340)
	at org.eclipse.swt.widgets.Control.setFocus(Control.java:3301)
	at org.eclipse.swt.widgets.Composite.setFocus(Composite.java:1038)
	at org.eclipse.swt.widgets.Composite.setFocus(Composite.java:1038)
	at org.eclipse.ui.texteditor.StatusTextEditor.setFocus(StatusTextEditor.java:120)
	at org.eclipse.jdt.internal.ui.javaeditor.JavaEditor.setFocus(JavaEditor.java:2389)
	at org.eclipse.ui.internal.e4.compatibility.CompatibilityPart.delegateSetFocus(CompatibilityPart.java:189)
	at sun.reflect.GeneratedMethodAccessor38.invoke(Unknown Source)
	at sun.reflect.DelegatingMethodAccessorImpl.invoke(Unknown Source)
	at java.lang.reflect.Method.invoke(Unknown Source)
	at org.eclipse.e4.core.internal.di.MethodRequestor.execute(MethodRequestor.java:56)
	at org.eclipse.e4.core.internal.di.InjectorImpl.invokeUsingClass(InjectorImpl.java:231)
	at org.eclipse.e4.core.internal.di.InjectorImpl.invokeUsingClass(InjectorImpl.java:237)
	at org.eclipse.e4.core.internal.di.InjectorImpl.invoke(InjectorImpl.java:208)
	at org.eclipse.e4.core.contexts.ContextInjectionFactory.invoke(ContextInjectionFactory.java:106)
	at org.eclipse.e4.ui.workbench.renderers.swt.ContributedPartRenderer$2.setFocus(ContributedPartRenderer.java:101)
	at org.eclipse.e4.ui.workbench.renderers.swt.StackRenderer$9.mouseUp(StackRenderer.java:942)
	at org.eclipse.swt.widgets.TypedListener.handleEvent(TypedListener.java:220)
	at org.eclipse.swt.widgets.EventTable.sendEvent(EventTable.java:84)
	at org.eclipse.swt.widgets.Widget.sendEvent(Widget.java:1053)
	at org.eclipse.swt.widgets.Display.runDeferredEvents(Display.java:4169)
	at org.eclipse.swt.widgets.Display.readAndDispatch(Display.java:3758)
	at org.eclipse.e4.ui.internal.workbench.swt.PartRenderingEngine$9.run(PartRenderingEngine.java:1053)
	at org.eclipse.core.databinding.observable.Realm.runWithDefault(Realm.java:332)
	at org.eclipse.e4.ui.internal.workbench.swt.PartRenderingEngine.run(PartRenderingEngine.java:942)
	at org.eclipse.e4.ui.internal.workbench.E4Workbench.createAndRunUI(E4Workbench.java:86)
	at org.eclipse.ui.internal.Workbench$5.run(Workbench.java:588)
	at org.eclipse.core.databinding.observable.Realm.runWithDefault(Realm.java:332)
	at org.eclipse.ui.internal.Workbench.createAndRunWorkbench(Workbench.java:543)
	at org.eclipse.ui.PlatformUI.createAndRunWorkbench(PlatformUI.java:149)
	at org.eclipse.ui.internal.ide.application.IDEApplication.start(IDEApplication.java:124)
	at org.eclipse.equinox.internal.app.EclipseAppHandle.run(EclipseAppHandle.java:196)
	at org.eclipse.core.runtime.internal.adaptor.EclipseAppLauncher.runApplication(EclipseAppLauncher.java:110)
	at org.eclipse.core.runtime.internal.adaptor.EclipseAppLauncher.start(EclipseAppLauncher.java:79)
	at org.eclipse.core.runtime.adaptor.EclipseStarter.run(EclipseStarter.java:353)
	at org.eclipse.core.runtime.adaptor.EclipseStarter.run(EclipseStarter.java:180)
	at sun.reflect.NativeMethodAccessorImpl.invoke0(Native Method)
	at sun.reflect.NativeMethodAccessorImpl.invoke(Unknown Source)
	at sun.reflect.DelegatingMethodAccessorImpl.invoke(Unknown Source)
	at java.lang.reflect.Method.invoke(Unknown Source)
	at org.eclipse.equinox.launcher.Main.invokeFramework(Main.java:629)
	at org.eclipse.equinox.launcher.Main.basicRun(Main.java:584)
	at org.eclipse.equinox.launcher.Main.run(Main.java:1438)
!SESSION 2013-09-02 10:33:02.241 -----------------------------------------------
eclipse.buildId=M20130204-1200
java.version=1.7.0_25
java.vendor=Oracle Corporation
BootLoader constants: OS=win32, ARCH=x86, WS=win32, NL=en_US
Command-line arguments:  -os win32 -ws win32 -arch x86

!ENTRY org.eclipse.ui 2 2 2013-09-02 10:36:16.901
!MESSAGE Invalid property category path: ValidationPropertiesPage (bundle: org.eclipse.wst.xml.ui, propertyPage: org.eclipse.wst.xml.ui.propertyPage.project.validation)
